<?xml version="1.0" encoding="UTF-8"?>
<!-- Generated by org.testng.reporters.JUnitXMLReporter -->
<testsuite ignored="0" hostname="DESKTOP-SSS5PN9" failures="1" tests="4" name="OpenCart Tests" time="35.087" errors="0" timestamp="2022-09-30T17:02:04 CEST">
  <testcase classname="testCases.TC_003_LoginDDT" name="test_LoginDDT" time="3.144"/>
  <testcase classname="testCases.TC_003_LoginDDT" name="test_LoginDDT" time="11.428"/>
  <testcase classname="testCases.TC_003_LoginDDT" name="test_LoginDDT" time="11.421"/>
  <testcase classname="testCases.TC_003_LoginDDT" name="test_LoginDDT" time="0.956">
    <failure type="java.lang.AssertionError" message="null">
      <![CDATA[java.lang.AssertionError: null
at testCases.TC_003_LoginDDT.test_LoginDDT(TC_003_LoginDDT.java:87)
at java.base/java.util.ArrayList.forEach(ArrayList.java:1511)
... Removed 33 stack frames]]>
    </failure>
  </testcase> <!-- test_LoginDDT -->
</testsuite> <!-- OpenCart Tests -->
